2023-10-20 09:25:50,275 - root - 2023-10-20 09:25:50,275
2023-10-20 09:25:50,299 - werkzeug - 2023-10-20 09:25:50,299
2023-10-20 09:29:23,997 - root - 2023-10-20 09:29:23,997
2023-10-20 09:29:24,021 - werkzeug - 2023-10-20 09:29:24,021
2023-10-20 09:29:25,952 - root - 2023-10-20 09:29:25,952
2023-10-20 09:29:26,343 - werkzeug - 2023-10-20 09:29:26,343
2023-10-20 09:29:32,479 - werkzeug - 2023-10-20 09:29:32,479
2023-10-20 09:29:32,645 - werkzeug - 2023-10-20 09:29:32,645
2023-10-20 09:29:37,947 - werkzeug - 2023-10-20 09:29:37,947
2023-10-20 09:29:38,209 - werkzeug - 2023-10-20 09:29:38,209
2023-10-20 09:29:38,340 - werkzeug - 2023-10-20 09:29:38,340
2023-10-20 09:29:38,341 - werkzeug - 2023-10-20 09:29:38,341
2023-10-20 09:29:38,342 - werkzeug - 2023-10-20 09:29:38,342
2023-10-20 09:29:38,992 - werkzeug - 2023-10-20 09:29:38,992
2023-10-20 09:29:45,721 - sqlalchemy.engine.Engine - 2023-10-20 09:29:45,721
2023-10-20 09:29:45,722 - sqlalchemy.engine.Engine - 2023-10-20 09:29:45,722
2023-10-20 09:29:45,724 - sqlalchemy.engine.Engine - 2023-10-20 09:29:45,724
2023-10-20 09:29:45,724 - sqlalchemy.engine.Engine - 2023-10-20 09:29:45,724
2023-10-20 09:29:45,726 - sqlalchemy.engine.Engine - 2023-10-20 09:29:45,726
2023-10-20 09:29:45,726 - sqlalchemy.engine.Engine - 2023-10-20 09:29:45,726
2023-10-20 09:29:45,728 - sqlalchemy.engine.Engine - 2023-10-20 09:29:45,728
2023-10-20 09:29:45,733 - sqlalchemy.engine.Engine - 2023-10-20 09:29:45,733
2023-10-20 09:29:45,735 - sqlalchemy.engine.Engine - 2023-10-20 09:29:45,735
2023-10-20 09:29:45,740 - sqlalchemy.engine.Engine - 2023-10-20 09:29:45,740
2023-10-20 09:29:45,742 - werkzeug - 2023-10-20 09:29:45,742
2023-10-20 09:36:20,288 - werkzeug - 2023-10-20 09:36:20,288
2023-10-20 09:36:20,442 - werkzeug - 2023-10-20 09:36:20,442
2023-10-20 09:43:40,322 - werkzeug - 2023-10-20 09:43:40,322
2023-10-20 09:44:02,670 - werkzeug - 2023-10-20 09:44:02,670
2023-10-20 09:44:55,301 - werkzeug - 2023-10-20 09:44:55,301
2023-10-20 09:45:23,942 - werkzeug - 2023-10-20 09:45:23,942
2023-10-20 09:45:26,980 - test_logger - 2023-10-20 09:45:26,980
2023-10-20 09:45:27,357 - werkzeug - 2023-10-20 09:45:27,357
2023-10-20 09:46:36,762 - werkzeug - 2023-10-20 09:46:36,762
2023-10-20 09:46:36,897 - werkzeug - 2023-10-20 09:46:36,897
2023-10-20 09:46:39,044 - test_logger - 2023-10-20 09:46:39,044
2023-10-20 09:46:39,264 - werkzeug - 2023-10-20 09:46:39,264
2023-10-20 09:46:52,684 - werkzeug - 2023-10-20 09:46:52,684
2023-10-20 09:46:52,829 - werkzeug - 2023-10-20 09:46:52,829
2023-10-20 09:46:55,702 - test_logger - 2023-10-20 09:46:55,702
2023-10-20 09:46:55,890 - werkzeug - 2023-10-20 09:46:55,890
2023-10-20 09:46:59,516 - werkzeug - 2023-10-20 09:46:59,516
2023-10-20 09:46:59,600 - werkzeug - 2023-10-20 09:46:59,600
2023-10-20 09:46:59,767 - werkzeug - 2023-10-20 09:46:59,767
2023-10-20 09:46:59,908 - werkzeug - 2023-10-20 09:46:59,908
2023-10-20 09:46:59,909 - werkzeug - 2023-10-20 09:46:59,909
2023-10-20 09:47:00,312 - werkzeug - 2023-10-20 09:47:00,312
2023-10-20 09:47:00,359 - werkzeug - 2023-10-20 09:47:00,359
2023-10-20 09:47:20,568 - sqlalchemy.engine.Engine - 2023-10-20 09:47:20,568
2023-10-20 09:47:20,568 - sqlalchemy.engine.Engine - 2023-10-20 09:47:20,568
2023-10-20 09:47:20,571 - sqlalchemy.engine.Engine - 2023-10-20 09:47:20,571
2023-10-20 09:47:20,571 - sqlalchemy.engine.Engine - 2023-10-20 09:47:20,571
2023-10-20 09:47:20,573 - sqlalchemy.engine.Engine - 2023-10-20 09:47:20,573
2023-10-20 09:47:20,574 - sqlalchemy.engine.Engine - 2023-10-20 09:47:20,574
2023-10-20 09:47:20,577 - sqlalchemy.engine.Engine - 2023-10-20 09:47:20,577
2023-10-20 09:47:20,581 - sqlalchemy.engine.Engine - 2023-10-20 09:47:20,581
2023-10-20 09:47:20,582 - sqlalchemy.engine.Engine - 2023-10-20 09:47:20,582
2023-10-20 09:47:20,590 - sqlalchemy.engine.Engine - 2023-10-20 09:47:20,590
2023-10-20 09:47:20,595 - werkzeug - 2023-10-20 09:47:20,595
2023-10-20 09:48:41,071 - werkzeug - 2023-10-20 09:48:41,071
2023-10-20 09:48:41,272 - werkzeug - 2023-10-20 09:48:41,272
2023-10-20 09:48:44,897 - test_logger - 2023-10-20 09:48:44,897
2023-10-20 09:48:45,098 - werkzeug - 2023-10-20 09:48:45,098
2023-10-20 09:49:10,003 - werkzeug - 2023-10-20 09:49:10,003
2023-10-20 09:49:10,132 - werkzeug - 2023-10-20 09:49:10,132
2023-10-20 09:49:12,390 - test_logger - 2023-10-20 09:49:12,390
2023-10-20 09:49:12,631 - werkzeug - 2023-10-20 09:49:12,631
2023-10-20 09:49:19,751 - werkzeug - 2023-10-20 09:49:19,751
2023-10-20 09:49:24,020 - werkzeug - 2023-10-20 09:49:24,020
2023-10-20 09:49:24,115 - werkzeug - 2023-10-20 09:49:24,115
2023-10-20 09:49:24,429 - werkzeug - 2023-10-20 09:49:24,429
2023-10-20 09:49:24,431 - werkzeug - 2023-10-20 09:49:24,431
2023-10-20 09:49:24,432 - werkzeug - 2023-10-20 09:49:24,432
2023-10-20 09:49:25,041 - werkzeug - 2023-10-20 09:49:25,041
2023-10-20 09:49:33,040 - sqlalchemy.engine.Engine - 2023-10-20 09:49:33,040
2023-10-20 09:49:33,041 - sqlalchemy.engine.Engine - 2023-10-20 09:49:33,041
2023-10-20 09:49:33,043 - sqlalchemy.engine.Engine - 2023-10-20 09:49:33,043
2023-10-20 09:49:33,043 - sqlalchemy.engine.Engine - 2023-10-20 09:49:33,043
2023-10-20 09:49:33,045 - sqlalchemy.engine.Engine - 2023-10-20 09:49:33,045
2023-10-20 09:49:33,045 - sqlalchemy.engine.Engine - 2023-10-20 09:49:33,045
2023-10-20 09:49:33,048 - sqlalchemy.engine.Engine - 2023-10-20 09:49:33,048
2023-10-20 09:49:33,053 - sqlalchemy.engine.Engine - 2023-10-20 09:49:33,053
2023-10-20 09:49:33,054 - sqlalchemy.engine.Engine - 2023-10-20 09:49:33,054
2023-10-20 09:49:33,068 - test_logger - 2023-10-20 09:49:33,068
2023-10-20 09:49:33,070 - sqlalchemy.engine.Engine - 2023-10-20 09:49:33,070
2023-10-20 09:49:33,079 - werkzeug - 2023-10-20 09:49:33,079
2023-10-20 09:50:20,587 - sqlalchemy.engine.Engine - 2023-10-20 09:50:20,587
2023-10-20 09:50:20,589 - sqlalchemy.engine.Engine - 2023-10-20 09:50:20,589
2023-10-20 09:50:20,590 - sqlalchemy.engine.Engine - 2023-10-20 09:50:20,590
2023-10-20 09:50:20,593 - sqlalchemy.engine.Engine - 2023-10-20 09:50:20,593
2023-10-20 09:50:20,594 - sqlalchemy.engine.Engine - 2023-10-20 09:50:20,594
2023-10-20 09:50:20,600 - sqlalchemy.engine.Engine - 2023-10-20 09:50:20,600
2023-10-20 09:50:20,610 - werkzeug - 2023-10-20 09:50:20,610
2023-10-20 09:51:32,050 - sqlalchemy.engine.Engine - 2023-10-20 09:51:32,050
2023-10-20 09:51:32,052 - sqlalchemy.engine.Engine - 2023-10-20 09:51:32,052
2023-10-20 09:51:32,053 - sqlalchemy.engine.Engine - 2023-10-20 09:51:32,053
2023-10-20 09:51:32,056 - sqlalchemy.engine.Engine - 2023-10-20 09:51:32,056
2023-10-20 09:51:32,061 - werkzeug - 2023-10-20 09:51:32,061
2023-10-20 09:53:16,941 - werkzeug - 2023-10-20 09:53:16,941
2023-10-20 09:53:17,088 - werkzeug - 2023-10-20 09:53:17,088
2023-10-20 09:53:19,270 - test_logger - 2023-10-20 09:53:19,270 - DEBUG - Initial run API flask
2023-10-20 09:53:19,478 - werkzeug - 2023-10-20 09:53:19,478 - INFO -  * Running on http://localhost:5070/ (Press CTRL+C to quit)
2023-10-20 09:53:38,787 - test_logger - 2023-10-20 09:53:38,787 - DEBUG - Initial run API flask
2023-10-20 09:53:38,810 - werkzeug - 2023-10-20 09:53:38,810 - INFO -  * Restarting with stat
2023-10-20 09:53:41,071 - test_logger - 2023-10-20 09:53:41,071 - DEBUG - Initial run API flask
2023-10-20 09:53:41,305 - werkzeug - 2023-10-20 09:53:41,305 - INFO -  * Running on http://localhost:5070/ (Press CTRL+C to quit)
2023-10-20 09:53:53,047 - werkzeug - 2023-10-20 09:53:53,047 - INFO - 127.0.0.1 - - [20/Oct/2023 09:53:53] "GET /docs HTTP/1.1" 200 -
2023-10-20 09:53:53,147 - werkzeug - 2023-10-20 09:53:53,147 - INFO - 127.0.0.1 - - [20/Oct/2023 09:53:53] "[36mGET /swaggerui/droid-sans.css HTTP/1.1[0m" 304 -
2023-10-20 09:53:53,289 - werkzeug - 2023-10-20 09:53:53,289 - INFO - 127.0.0.1 - - [20/Oct/2023 09:53:53] "[36mGET /swaggerui/swagger-ui.css HTTP/1.1[0m" 304 -
2023-10-20 09:53:53,458 - werkzeug - 2023-10-20 09:53:53,458 - INFO - 127.0.0.1 - - [20/Oct/2023 09:53:53] "[36mGET /swaggerui/swagger-ui-bundle.js HTTP/1.1[0m" 304 -
2023-10-20 09:53:53,460 - werkzeug - 2023-10-20 09:53:53,460 - INFO - 127.0.0.1 - - [20/Oct/2023 09:53:53] "[36mGET /swaggerui/swagger-ui-standalone-preset.js HTTP/1.1[0m" 304 -
2023-10-20 09:53:54,220 - werkzeug - 2023-10-20 09:53:54,220 - INFO - 127.0.0.1 - - [20/Oct/2023 09:53:54] "GET /swagger.json HTTP/1.1" 200 -
2023-10-20 09:53:54,226 - werkzeug - 2023-10-20 09:53:54,226 - INFO - 127.0.0.1 - - [20/Oct/2023 09:53:54] "[36mGET /swaggerui/favicon-32x32.png HTTP/1.1[0m" 304 -
2023-10-20 09:54:08,454 - werkzeug - 2023-10-20 09:54:08,454 - INFO - 127.0.0.1 - - [20/Oct/2023 09:54:08] "[33mGET / HTTP/1.1[0m" 404 -
2023-10-20 09:54:12,780 - werkzeug - 2023-10-20 09:54:12,780 - INFO - 127.0.0.1 - - [20/Oct/2023 09:54:12] "GET /docs HTTP/1.1" 200 -
2023-10-20 09:54:13,082 - werkzeug - 2023-10-20 09:54:13,082 - INFO - 127.0.0.1 - - [20/Oct/2023 09:54:13] "[36mGET /swaggerui/droid-sans.css HTTP/1.1[0m" 304 -
2023-10-20 09:54:13,211 - werkzeug - 2023-10-20 09:54:13,211 - INFO - 127.0.0.1 - - [20/Oct/2023 09:54:13] "[36mGET /swaggerui/swagger-ui.css HTTP/1.1[0m" 304 -
2023-10-20 09:54:13,213 - werkzeug - 2023-10-20 09:54:13,213 - INFO - 127.0.0.1 - - [20/Oct/2023 09:54:13] "[36mGET /swaggerui/swagger-ui-standalone-preset.js HTTP/1.1[0m" 304 -
2023-10-20 09:54:13,215 - werkzeug - 2023-10-20 09:54:13,215 - INFO - 127.0.0.1 - - [20/Oct/2023 09:54:13] "[36mGET /swaggerui/swagger-ui-bundle.js HTTP/1.1[0m" 304 -
2023-10-20 09:54:13,861 - werkzeug - 2023-10-20 09:54:13,861 - INFO - 127.0.0.1 - - [20/Oct/2023 09:54:13] "GET /swagger.json HTTP/1.1" 200 -
2023-10-20 09:54:19,747 - sqlalchemy.engine.Engine - 2023-10-20 09:54:19,747 - INFO - SELECT DATABASE()
2023-10-20 09:54:19,748 - sqlalchemy.engine.Engine - 2023-10-20 09:54:19,748 - INFO - [raw sql] {}
2023-10-20 09:54:19,752 - sqlalchemy.engine.Engine - 2023-10-20 09:54:19,752 - INFO - SELECT @@sql_mode
2023-10-20 09:54:19,753 - sqlalchemy.engine.Engine - 2023-10-20 09:54:19,753 - INFO - [raw sql] {}
2023-10-20 09:54:19,755 - sqlalchemy.engine.Engine - 2023-10-20 09:54:19,755 - INFO - SELECT @@lower_case_table_names
2023-10-20 09:54:19,756 - sqlalchemy.engine.Engine - 2023-10-20 09:54:19,756 - INFO - [raw sql] {}
2023-10-20 09:54:19,758 - sqlalchemy.engine.Engine - 2023-10-20 09:54:19,758 - INFO - BEGIN (implicit)
2023-10-20 09:54:19,762 - sqlalchemy.engine.Engine - 2023-10-20 09:54:19,762 - INFO - SELECT users.id AS users_id, users.username AS users_username, users.password AS users_password 
FROM users
2023-10-20 09:54:19,770 - sqlalchemy.engine.Engine - 2023-10-20 09:54:19,770 - INFO - [generated in 0.00859s] {}
2023-10-20 09:54:19,774 - test_logger - 2023-10-20 09:54:19,774 - INFO - Data User =  [<Users 1>, <Users 2>, <Users 8>]
2023-10-20 09:54:19,776 - sqlalchemy.engine.Engine - 2023-10-20 09:54:19,776 - INFO - ROLLBACK
2023-10-20 09:54:19,778 - werkzeug - 2023-10-20 09:54:19,778 - INFO - 127.0.0.1 - - [20/Oct/2023 09:54:19] "GET /users/ HTTP/1.1" 200 -
2023-10-20 09:55:48,732 - werkzeug - 2023-10-20 09:55:48,732 - INFO -  * Detected change in 'D:\\Python\\DAY3\\app\\logs\\log.py', reloading
2023-10-20 09:55:48,926 - werkzeug - 2023-10-20 09:55:48,926 - INFO -  * Restarting with stat
2023-10-20 09:55:51,596 - werkzeug - 2023-10-20 09:55:51,596 - INFO -  * Running on http://localhost:5070/ (Press CTRL+C to quit)
2023-10-20 09:56:02,756 - werkzeug - 2023-10-20 09:56:02,756 - INFO -  * Detected change in 'D:\\Python\\DAY3\\app\\__init__.py', reloading
2023-10-20 09:56:02,897 - werkzeug - 2023-10-20 09:56:02,897 - INFO -  * Restarting with stat
2023-10-20 09:56:05,948 - werkzeug - 2023-10-20 09:56:05,948 - INFO -  * Running on http://localhost:5070/ (Press CTRL+C to quit)
2023-10-20 09:56:17,908 - werkzeug - 2023-10-20 09:56:17,908 - INFO -  * Detected change in 'D:\\Python\\DAY3\\app\\views\\users.py', reloading
2023-10-20 09:56:18,119 - werkzeug - 2023-10-20 09:56:18,119 - INFO -  * Restarting with stat
2023-10-20 09:56:20,643 - test_logger - 2023-10-20 09:56:20,643 - DEBUG - Initial run API flask
2023-10-20 09:56:21,056 - werkzeug - 2023-10-20 09:56:21,056 - INFO -  * Running on http://localhost:5070/ (Press CTRL+C to quit)
2023-10-20 10:01:19,147 - werkzeug - 2023-10-20 10:01:19,147 - INFO -  * Detected change in 'D:\\Python\\DAY3\\app\\views\\users.py', reloading
2023-10-20 10:01:19,314 - werkzeug - 2023-10-20 10:01:19,314 - INFO -  * Restarting with stat
2023-10-20 10:01:21,518 - test_logger - 2023-10-20 10:01:21,518 - DEBUG - Initial run API flask
2023-10-20 10:01:21,723 - werkzeug - 2023-10-20 10:01:21,723 - INFO -  * Running on http://localhost:5070/ (Press CTRL+C to quit)
2023-10-20 10:01:24,611 - werkzeug - 2023-10-20 10:01:24,611 - INFO -  * Detected change in 'D:\\Python\\DAY3\\app\\views\\users.py', reloading
2023-10-20 10:01:24,731 - werkzeug - 2023-10-20 10:01:24,731 - INFO -  * Restarting with stat
2023-10-20 10:01:26,773 - test_logger - 2023-10-20 10:01:26,773 - DEBUG - Initial run API flask
2023-10-20 10:01:26,987 - werkzeug - 2023-10-20 10:01:26,987 - INFO -  * Running on http://localhost:5070/ (Press CTRL+C to quit)
2023-10-20 10:11:06,374 - werkzeug - 2023-10-20 10:11:06,374 - INFO -  * Detected change in 'D:\\Python\\DAY3\\app\\views\\users.py', reloading
2023-10-20 10:11:06,651 - werkzeug - 2023-10-20 10:11:06,651 - INFO -  * Restarting with stat
2023-10-20 10:11:09,942 - test_logger - 2023-10-20 10:11:09,942 - DEBUG - Initial run API flask
2023-10-20 10:11:10,520 - werkzeug - 2023-10-20 10:11:10,520 - INFO -  * Running on http://localhost:5070/ (Press CTRL+C to quit)
2023-10-20 10:19:02,320 - werkzeug - 2023-10-20 10:19:02,320 - INFO -  * Detected change in 'D:\\Python\\DAY3\\app\\views\\auth.py', reloading
2023-10-20 10:19:02,624 - werkzeug - 2023-10-20 10:19:02,624 - INFO -  * Restarting with stat
2023-10-20 10:19:06,177 - test_logger - 2023-10-20 10:19:06,177 - DEBUG - Initial run API flask
2023-10-20 10:19:06,384 - werkzeug - 2023-10-20 10:19:06,384 - INFO -  * Running on http://localhost:5070/ (Press CTRL+C to quit)
2023-10-20 10:38:11,714 - test_logger - 2023-10-20 10:38:11,714 - DEBUG - Initial run API flask
2023-10-20 10:38:47,642 - test_logger - 2023-10-20 10:38:47,642 - DEBUG - Initial run API flask
2023-10-20 10:39:56,239 - test_logger - 2023-10-20 10:39:56,239 - DEBUG - Initial run API flask
2023-10-20 10:39:56,260 - werkzeug - 2023-10-20 10:39:56,260 - INFO -  * Restarting with stat
2023-10-20 10:39:58,243 - test_logger - 2023-10-20 10:39:58,243 - DEBUG - Initial run API flask
2023-10-20 10:39:58,515 - werkzeug - 2023-10-20 10:39:58,515 - INFO -  * Running on http://localhost:5070/ (Press CTRL+C to quit)
2023-10-20 10:40:01,596 - werkzeug - 2023-10-20 10:40:01,596 - INFO - 127.0.0.1 - - [20/Oct/2023 10:40:01] "[33mGET / HTTP/1.1[0m" 404 -
2023-10-20 10:40:05,859 - werkzeug - 2023-10-20 10:40:05,859 - INFO - 127.0.0.1 - - [20/Oct/2023 10:40:05] "GET /docs HTTP/1.1" 200 -
2023-10-20 10:40:05,944 - werkzeug - 2023-10-20 10:40:05,944 - INFO - 127.0.0.1 - - [20/Oct/2023 10:40:05] "[36mGET /swaggerui/droid-sans.css HTTP/1.1[0m" 304 -
2023-10-20 10:40:06,255 - werkzeug - 2023-10-20 10:40:06,255 - INFO - 127.0.0.1 - - [20/Oct/2023 10:40:06] "[36mGET /swaggerui/swagger-ui.css HTTP/1.1[0m" 304 -
2023-10-20 10:40:06,261 - werkzeug - 2023-10-20 10:40:06,261 - INFO - 127.0.0.1 - - [20/Oct/2023 10:40:06] "[36mGET /swaggerui/swagger-ui-standalone-preset.js HTTP/1.1[0m" 304 -
2023-10-20 10:40:06,264 - werkzeug - 2023-10-20 10:40:06,264 - INFO - 127.0.0.1 - - [20/Oct/2023 10:40:06] "[36mGET /swaggerui/swagger-ui-bundle.js HTTP/1.1[0m" 304 -
2023-10-20 10:40:06,882 - werkzeug - 2023-10-20 10:40:06,882 - INFO - 127.0.0.1 - - [20/Oct/2023 10:40:06] "GET /swagger.json HTTP/1.1" 200 -
2023-10-20 10:40:10,563 - werkzeug - 2023-10-20 10:40:10,563 - INFO - 127.0.0.1 - - [20/Oct/2023 10:40:10] "GET /docs HTTP/1.1" 200 -
2023-10-20 10:40:10,892 - werkzeug - 2023-10-20 10:40:10,892 - INFO - 127.0.0.1 - - [20/Oct/2023 10:40:10] "[36mGET /swaggerui/droid-sans.css HTTP/1.1[0m" 304 -
2023-10-20 10:40:10,994 - werkzeug - 2023-10-20 10:40:10,994 - INFO - 127.0.0.1 - - [20/Oct/2023 10:40:10] "[36mGET /swaggerui/swagger-ui.css HTTP/1.1[0m" 304 -
2023-10-20 10:40:11,011 - werkzeug - 2023-10-20 10:40:11,011 - INFO - 127.0.0.1 - - [20/Oct/2023 10:40:11] "[36mGET /swaggerui/swagger-ui-bundle.js HTTP/1.1[0m" 304 -
2023-10-20 10:40:11,031 - werkzeug - 2023-10-20 10:40:11,031 - INFO - 127.0.0.1 - - [20/Oct/2023 10:40:11] "[36mGET /swaggerui/swagger-ui-standalone-preset.js HTTP/1.1[0m" 304 -
2023-10-20 10:40:11,541 - werkzeug - 2023-10-20 10:40:11,541 - INFO - 127.0.0.1 - - [20/Oct/2023 10:40:11] "GET /swagger.json HTTP/1.1" 200 -
2023-10-20 10:40:11,548 - werkzeug - 2023-10-20 10:40:11,548 - INFO - 127.0.0.1 - - [20/Oct/2023 10:40:11] "[36mGET /swaggerui/favicon-32x32.png HTTP/1.1[0m" 304 -
2023-10-20 10:40:26,388 - werkzeug - 2023-10-20 10:40:26,388 - INFO -  * Detected change in 'D:\\Python\\DAY3\\app\\views\\auth.py', reloading
2023-10-20 10:40:26,626 - werkzeug - 2023-10-20 10:40:26,626 - INFO -  * Restarting with stat
2023-10-20 10:40:30,580 - test_logger - 2023-10-20 10:40:30,580 - DEBUG - Initial run API flask
2023-10-20 10:40:30,889 - werkzeug - 2023-10-20 10:40:30,889 - INFO -  * Running on http://localhost:5070/ (Press CTRL+C to quit)
2023-10-20 10:41:55,158 - werkzeug - 2023-10-20 10:41:55,158 - INFO -  * Detected change in 'D:\\Python\\DAY3\\app\\__init__.py', reloading
2023-10-20 10:41:55,278 - werkzeug - 2023-10-20 10:41:55,278 - INFO -  * Restarting with stat
2023-10-20 10:41:57,760 - test_logger - 2023-10-20 10:41:57,760 - DEBUG - Initial run API flask
2023-10-20 10:41:57,960 - werkzeug - 2023-10-20 10:41:57,960 - INFO -  * Running on http://localhost:5070/ (Press CTRL+C to quit)
2023-10-20 10:42:24,544 - werkzeug - 2023-10-20 10:42:24,544 - INFO -  * Detected change in 'D:\\Python\\DAY3\\app\\views\\auth.py', reloading
2023-10-20 10:42:24,688 - werkzeug - 2023-10-20 10:42:24,688 - INFO -  * Restarting with stat
2023-10-20 10:42:26,887 - test_logger - 2023-10-20 10:42:26,887 - DEBUG - Initial run API flask
2023-10-20 10:42:27,105 - werkzeug - 2023-10-20 10:42:27,105 - INFO -  * Running on http://localhost:5070/ (Press CTRL+C to quit)
2023-10-20 10:43:04,412 - werkzeug - 2023-10-20 10:43:04,412 - INFO -  * Detected change in 'D:\\Python\\DAY3\\app\\__init__.py', reloading
2023-10-20 10:43:04,572 - werkzeug - 2023-10-20 10:43:04,572 - INFO -  * Restarting with stat
2023-10-20 10:43:08,813 - test_logger - 2023-10-20 10:43:08,813 - DEBUG - Initial run API flask
2023-10-20 10:43:09,152 - werkzeug - 2023-10-20 10:43:09,152 - INFO -  * Running on http://localhost:5070/ (Press CTRL+C to quit)
2023-10-20 10:43:15,932 - werkzeug - 2023-10-20 10:43:15,932 - INFO - 127.0.0.1 - - [20/Oct/2023 10:43:15] "[33mGET / HTTP/1.1[0m" 404 -
2023-10-20 10:43:20,681 - werkzeug - 2023-10-20 10:43:20,681 - INFO - 127.0.0.1 - - [20/Oct/2023 10:43:20] "GET /docs HTTP/1.1" 200 -
2023-10-20 10:43:20,795 - werkzeug - 2023-10-20 10:43:20,795 - INFO - 127.0.0.1 - - [20/Oct/2023 10:43:20] "[36mGET /swaggerui/droid-sans.css HTTP/1.1[0m" 304 -
2023-10-20 10:43:21,114 - werkzeug - 2023-10-20 10:43:21,114 - INFO - 127.0.0.1 - - [20/Oct/2023 10:43:21] "[36mGET /swaggerui/swagger-ui.css HTTP/1.1[0m" 304 -
2023-10-20 10:43:21,118 - werkzeug - 2023-10-20 10:43:21,118 - INFO - 127.0.0.1 - - [20/Oct/2023 10:43:21] "[36mGET /swaggerui/swagger-ui-bundle.js HTTP/1.1[0m" 304 -
2023-10-20 10:43:21,120 - werkzeug - 2023-10-20 10:43:21,120 - INFO - 127.0.0.1 - - [20/Oct/2023 10:43:21] "[36mGET /swaggerui/swagger-ui-standalone-preset.js HTTP/1.1[0m" 304 -
2023-10-20 10:43:21,768 - werkzeug - 2023-10-20 10:43:21,768 - INFO - 127.0.0.1 - - [20/Oct/2023 10:43:21] "GET /swagger.json HTTP/1.1" 200 -
2023-10-20 10:43:48,346 - werkzeug - 2023-10-20 10:43:48,346 - INFO -  * Detected change in 'D:\\Python\\DAY3\\app\\views\\auth.py', reloading
2023-10-20 10:43:48,534 - werkzeug - 2023-10-20 10:43:48,534 - INFO -  * Restarting with stat
2023-10-20 10:43:51,802 - test_logger - 2023-10-20 10:43:51,802 - DEBUG - Initial run API flask
2023-10-20 10:43:52,039 - werkzeug - 2023-10-20 10:43:52,039 - INFO -  * Running on http://localhost:5070/ (Press CTRL+C to quit)
2023-10-20 10:43:52,089 - werkzeug - 2023-10-20 10:43:52,089 - INFO - 127.0.0.1 - - [20/Oct/2023 10:43:52] "GET /docs HTTP/1.1" 200 -
2023-10-20 10:43:52,193 - werkzeug - 2023-10-20 10:43:52,193 - INFO - 127.0.0.1 - - [20/Oct/2023 10:43:52] "[36mGET /swaggerui/droid-sans.css HTTP/1.1[0m" 304 -
2023-10-20 10:43:52,314 - werkzeug - 2023-10-20 10:43:52,314 - INFO - 127.0.0.1 - - [20/Oct/2023 10:43:52] "[36mGET /swaggerui/swagger-ui.css HTTP/1.1[0m" 304 -
2023-10-20 10:43:52,501 - werkzeug - 2023-10-20 10:43:52,501 - INFO - 127.0.0.1 - - [20/Oct/2023 10:43:52] "[36mGET /swaggerui/swagger-ui-bundle.js HTTP/1.1[0m" 304 -
2023-10-20 10:43:52,503 - werkzeug - 2023-10-20 10:43:52,503 - INFO - 127.0.0.1 - - [20/Oct/2023 10:43:52] "[36mGET /swaggerui/swagger-ui-standalone-preset.js HTTP/1.1[0m" 304 -
2023-10-20 10:43:52,953 - werkzeug - 2023-10-20 10:43:52,953 - INFO - 127.0.0.1 - - [20/Oct/2023 10:43:52] "GET /swagger.json HTTP/1.1" 200 -
2023-10-20 10:43:52,967 - werkzeug - 2023-10-20 10:43:52,967 - INFO - 127.0.0.1 - - [20/Oct/2023 10:43:52] "[36mGET /swaggerui/favicon-32x32.png HTTP/1.1[0m" 304 -
2023-10-20 10:44:26,827 - werkzeug - 2023-10-20 10:44:26,827 - INFO - 127.0.0.1 - - [20/Oct/2023 10:44:26] "[35m[1mPOST /auth/SignUp HTTP/1.1[0m" 500 -
2023-10-20 10:46:03,429 - werkzeug - 2023-10-20 10:46:03,429 - INFO -  * Detected change in 'D:\\Python\\DAY3\\app\\views\\auth.py', reloading
2023-10-20 10:46:03,615 - werkzeug - 2023-10-20 10:46:03,615 - INFO -  * Restarting with stat
2023-10-20 10:46:06,743 - test_logger - 2023-10-20 10:46:06,743 - DEBUG - Initial run API flask
2023-10-20 10:46:06,997 - werkzeug - 2023-10-20 10:46:06,997 - INFO -  * Running on http://localhost:5070/ (Press CTRL+C to quit)
2023-10-20 10:46:43,324 - werkzeug - 2023-10-20 10:46:43,324 - INFO -  * Detected change in 'D:\\Python\\DAY3\\app\\views\\auth.py', reloading
2023-10-20 10:46:43,536 - werkzeug - 2023-10-20 10:46:43,536 - INFO -  * Restarting with stat
2023-10-20 10:46:46,204 - test_logger - 2023-10-20 10:46:46,204 - DEBUG - Initial run API flask
2023-10-20 10:46:46,615 - werkzeug - 2023-10-20 10:46:46,615 - INFO -  * Running on http://localhost:5070/ (Press CTRL+C to quit)
2023-10-20 10:47:05,457 - test_logger - 2023-10-20 10:47:05,457 - DEBUG - Initial run API flask
2023-10-20 10:47:05,477 - werkzeug - 2023-10-20 10:47:05,477 - INFO -  * Restarting with stat
2023-10-20 10:47:08,227 - test_logger - 2023-10-20 10:47:08,227 - DEBUG - Initial run API flask
2023-10-20 10:47:08,556 - werkzeug - 2023-10-20 10:47:08,556 - INFO -  * Running on http://localhost:5070/ (Press CTRL+C to quit)
2023-10-20 10:47:13,782 - werkzeug - 2023-10-20 10:47:13,782 - INFO - 127.0.0.1 - - [20/Oct/2023 10:47:13] "[33mGET / HTTP/1.1[0m" 404 -
2023-10-20 10:47:19,943 - werkzeug - 2023-10-20 10:47:19,943 - INFO - 127.0.0.1 - - [20/Oct/2023 10:47:19] "GET /docs HTTP/1.1" 200 -
2023-10-20 10:47:20,039 - werkzeug - 2023-10-20 10:47:20,039 - INFO - 127.0.0.1 - - [20/Oct/2023 10:47:20] "[36mGET /swaggerui/droid-sans.css HTTP/1.1[0m" 304 -
2023-10-20 10:47:20,170 - werkzeug - 2023-10-20 10:47:20,170 - INFO - 127.0.0.1 - - [20/Oct/2023 10:47:20] "[36mGET /swaggerui/swagger-ui.css HTTP/1.1[0m" 304 -
2023-10-20 10:47:20,364 - werkzeug - 2023-10-20 10:47:20,364 - INFO - 127.0.0.1 - - [20/Oct/2023 10:47:20] "[36mGET /swaggerui/swagger-ui-bundle.js HTTP/1.1[0m" 304 -
2023-10-20 10:47:20,371 - werkzeug - 2023-10-20 10:47:20,371 - INFO - 127.0.0.1 - - [20/Oct/2023 10:47:20] "[36mGET /swaggerui/swagger-ui-standalone-preset.js HTTP/1.1[0m" 304 -
2023-10-20 10:47:21,001 - werkzeug - 2023-10-20 10:47:21,001 - INFO - 127.0.0.1 - - [20/Oct/2023 10:47:21] "GET /swagger.json HTTP/1.1" 200 -
2023-10-20 10:47:28,812 - test_logger - 2023-10-20 10:47:28,812 - INFO - password original = None
2023-10-20 10:47:29,175 - test_logger - 2023-10-20 10:47:29,175 - INFO - Data User sign up =  <Users (transient 1820758011376)>
2023-10-20 10:47:29,176 - test_logger - 2023-10-20 10:47:29,176 - INFO - pass hash =  pbkdf2:sha256:260000$eCog5WQN7NibaopZ$b314d63b3aa8ac153ad6a52b8e6389207886964dc38bd3dcd2ca3a5c665274fa
2023-10-20 10:47:29,265 - sqlalchemy.engine.Engine - 2023-10-20 10:47:29,265 - INFO - SELECT DATABASE()
2023-10-20 10:47:29,265 - sqlalchemy.engine.Engine - 2023-10-20 10:47:29,265 - INFO - [raw sql] {}
2023-10-20 10:47:29,267 - sqlalchemy.engine.Engine - 2023-10-20 10:47:29,267 - INFO - SELECT @@sql_mode
2023-10-20 10:47:29,268 - sqlalchemy.engine.Engine - 2023-10-20 10:47:29,268 - INFO - [raw sql] {}
2023-10-20 10:47:29,270 - sqlalchemy.engine.Engine - 2023-10-20 10:47:29,270 - INFO - SELECT @@lower_case_table_names
2023-10-20 10:47:29,271 - sqlalchemy.engine.Engine - 2023-10-20 10:47:29,271 - INFO - [raw sql] {}
2023-10-20 10:47:29,273 - sqlalchemy.engine.Engine - 2023-10-20 10:47:29,273 - INFO - BEGIN (implicit)
2023-10-20 10:47:29,276 - sqlalchemy.engine.Engine - 2023-10-20 10:47:29,276 - INFO - INSERT INTO users (username, password) VALUES (%(username)s, %(password)s)
2023-10-20 10:47:29,277 - sqlalchemy.engine.Engine - 2023-10-20 10:47:29,277 - INFO - [generated in 0.00084s] {'username': 'string', 'password': 'pbkdf2:sha256:260000$eCog5WQN7NibaopZ$b314d63b3aa8ac153ad6a52b8e6389207886964dc38bd3dcd2ca3a5c665274fa'}
2023-10-20 10:47:29,281 - sqlalchemy.engine.Engine - 2023-10-20 10:47:29,281 - INFO - COMMIT
2023-10-20 10:47:29,287 - werkzeug - 2023-10-20 10:47:29,287 - INFO - 127.0.0.1 - - [20/Oct/2023 10:47:29] "[35m[1mPOST /auth/SignUp HTTP/1.1[0m" 201 -
2023-10-20 10:47:57,760 - test_logger - 2023-10-20 10:47:57,760 - INFO - password original = None
2023-10-20 10:47:58,082 - test_logger - 2023-10-20 10:47:58,082 - INFO - Data User sign up =  <Users (transient 1820757733680)>
2023-10-20 10:47:58,082 - test_logger - 2023-10-20 10:47:58,082 - INFO - pass hash =  pbkdf2:sha256:260000$CdM47J9KumCDTiJd$fb7d1c125490f2edcef7f5d26b4c4a796bedfc2fe58907bf56d60ad1240ff814
2023-10-20 10:47:58,084 - sqlalchemy.engine.Engine - 2023-10-20 10:47:58,084 - INFO - BEGIN (implicit)
2023-10-20 10:47:58,088 - sqlalchemy.engine.Engine - 2023-10-20 10:47:58,088 - INFO - INSERT INTO users (username, password) VALUES (%(username)s, %(password)s)
2023-10-20 10:47:58,090 - sqlalchemy.engine.Engine - 2023-10-20 10:47:58,090 - INFO - [cached since 28.81s ago] {'username': 'hello', 'password': 'pbkdf2:sha256:260000$CdM47J9KumCDTiJd$fb7d1c125490f2edcef7f5d26b4c4a796bedfc2fe58907bf56d60ad1240ff814'}
2023-10-20 10:47:58,104 - sqlalchemy.engine.Engine - 2023-10-20 10:47:58,104 - INFO - COMMIT
2023-10-20 10:47:58,112 - werkzeug - 2023-10-20 10:47:58,112 - INFO - 127.0.0.1 - - [20/Oct/2023 10:47:58] "[35m[1mPOST /auth/SignUp HTTP/1.1[0m" 201 -
2023-10-20 10:48:31,319 - sqlalchemy.engine.Engine - 2023-10-20 10:48:31,319 - INFO - BEGIN (implicit)
2023-10-20 10:48:31,326 - sqlalchemy.engine.Engine - 2023-10-20 10:48:31,326 - INFO - SELECT users.id AS users_id, users.username AS users_username, users.password AS users_password 
FROM users 
WHERE users.username = %(username_1)s 
 LIMIT %(param_1)s
2023-10-20 10:48:31,330 - sqlalchemy.engine.Engine - 2023-10-20 10:48:31,330 - INFO - [generated in 0.00522s] {'username_1': 'hello', 'param_1': 1}
2023-10-20 10:48:31,668 - test_logger - 2023-10-20 10:48:31,668 - INFO - check_password =  False
2023-10-20 10:48:31,669 - sqlalchemy.engine.Engine - 2023-10-20 10:48:31,669 - INFO - ROLLBACK
2023-10-20 10:48:31,672 - werkzeug - 2023-10-20 10:48:31,672 - INFO - 127.0.0.1 - - [20/Oct/2023 10:48:31] "POST /auth/signin HTTP/1.1" 200 -
2023-10-20 10:50:07,435 - werkzeug - 2023-10-20 10:50:07,435 - INFO -  * Detected change in 'D:\\Python\\DAY3\\app\\models\\users.py', reloading
2023-10-20 10:50:07,663 - werkzeug - 2023-10-20 10:50:07,663 - INFO -  * Restarting with stat
2023-10-20 10:50:10,670 - test_logger - 2023-10-20 10:50:10,670 - DEBUG - Initial run API flask
2023-10-20 10:50:10,924 - werkzeug - 2023-10-20 10:50:10,924 - INFO -  * Running on http://localhost:5070/ (Press CTRL+C to quit)
2023-10-20 10:50:24,704 - werkzeug - 2023-10-20 10:50:24,704 - INFO -  * Detected change in 'D:\\Python\\DAY3\\app\\models\\users.py', reloading
2023-10-20 10:50:24,850 - werkzeug - 2023-10-20 10:50:24,850 - INFO -  * Restarting with stat
2023-10-20 10:50:27,114 - test_logger - 2023-10-20 10:50:27,114 - DEBUG - Initial run API flask
2023-10-20 10:50:27,337 - werkzeug - 2023-10-20 10:50:27,337 - INFO -  * Running on http://localhost:5070/ (Press CTRL+C to quit)
2023-10-20 10:50:39,562 - werkzeug - 2023-10-20 10:50:39,562 - INFO -  * Detected change in 'D:\\Python\\DAY3\\app\\models\\users.py', reloading
2023-10-20 10:50:39,692 - werkzeug - 2023-10-20 10:50:39,692 - INFO -  * Restarting with stat
2023-10-20 10:50:42,264 - test_logger - 2023-10-20 10:50:42,264 - DEBUG - Initial run API flask
2023-10-20 10:50:42,495 - werkzeug - 2023-10-20 10:50:42,495 - INFO -  * Running on http://localhost:5070/ (Press CTRL+C to quit)
2023-10-20 10:50:58,110 - test_logger - 2023-10-20 10:50:58,110 - DEBUG - Initial run API flask
2023-10-20 10:51:11,171 - test_logger - 2023-10-20 10:51:11,171 - DEBUG - Initial run API flask
2023-10-20 13:59:10,638 - test_logger - 2023-10-20 13:59:10,638 - DEBUG - Initial run API flask
2023-10-20 13:59:10,717 - werkzeug - 2023-10-20 13:59:10,717 - INFO -  * Restarting with stat
2023-10-20 13:59:12,290 - test_logger - 2023-10-20 13:59:12,290 - DEBUG - Initial run API flask
2023-10-20 13:59:12,302 - werkzeug - 2023-10-20 13:59:12,302 - WARNING -  * Debugger is active!
2023-10-20 13:59:12,328 - werkzeug - 2023-10-20 13:59:12,328 - INFO -  * Debugger PIN: 405-329-186
2023-10-20 13:59:12,985 - werkzeug - 2023-10-20 13:59:12,985 - INFO -  * Running on http://127.0.0.1:5000/ (Press CTRL+C to quit)
2023-10-20 14:00:31,241 - test_logger - 2023-10-20 14:00:31,241 - DEBUG - Initial run API flask
2023-10-20 14:00:31,263 - werkzeug - 2023-10-20 14:00:31,263 - INFO -  * Restarting with stat
2023-10-20 14:00:33,795 - test_logger - 2023-10-20 14:00:33,795 - DEBUG - Initial run API flask
2023-10-20 14:00:34,054 - werkzeug - 2023-10-20 14:00:34,054 - INFO -  * Running on http://localhost:5070/ (Press CTRL+C to quit)
2023-10-20 14:00:37,023 - werkzeug - 2023-10-20 14:00:37,023 - INFO - 127.0.0.1 - - [20/Oct/2023 14:00:37] "[33mGET / HTTP/1.1[0m" 404 -
2023-10-20 14:00:40,542 - werkzeug - 2023-10-20 14:00:40,542 - INFO - 127.0.0.1 - - [20/Oct/2023 14:00:40] "GET /docs HTTP/1.1" 200 -
2023-10-20 14:00:40,628 - werkzeug - 2023-10-20 14:00:40,628 - INFO - 127.0.0.1 - - [20/Oct/2023 14:00:40] "GET /swaggerui/droid-sans.css HTTP/1.1" 200 -
2023-10-20 14:00:41,029 - werkzeug - 2023-10-20 14:00:41,029 - INFO - 127.0.0.1 - - [20/Oct/2023 14:00:41] "GET /swaggerui/swagger-ui.css HTTP/1.1" 200 -
2023-10-20 14:00:41,110 - werkzeug - 2023-10-20 14:00:41,110 - INFO - 127.0.0.1 - - [20/Oct/2023 14:00:41] "GET /swaggerui/swagger-ui-bundle.js HTTP/1.1" 200 -
2023-10-20 14:00:41,190 - werkzeug - 2023-10-20 14:00:41,190 - INFO - 127.0.0.1 - - [20/Oct/2023 14:00:41] "GET /swaggerui/swagger-ui-standalone-preset.js HTTP/1.1" 200 -
2023-10-20 14:00:41,953 - werkzeug - 2023-10-20 14:00:41,953 - INFO - 127.0.0.1 - - [20/Oct/2023 14:00:41] "GET /swagger.json HTTP/1.1" 200 -
2023-10-20 14:03:44,108 - sqlalchemy.engine.Engine - 2023-10-20 14:03:44,108 - INFO - SELECT DATABASE()
2023-10-20 14:03:44,109 - sqlalchemy.engine.Engine - 2023-10-20 14:03:44,109 - INFO - [raw sql] {}
2023-10-20 14:03:44,112 - sqlalchemy.engine.Engine - 2023-10-20 14:03:44,112 - INFO - SELECT @@sql_mode
2023-10-20 14:03:44,112 - sqlalchemy.engine.Engine - 2023-10-20 14:03:44,112 - INFO - [raw sql] {}
2023-10-20 14:03:44,114 - sqlalchemy.engine.Engine - 2023-10-20 14:03:44,114 - INFO - SELECT @@lower_case_table_names
2023-10-20 14:03:44,115 - sqlalchemy.engine.Engine - 2023-10-20 14:03:44,115 - INFO - [raw sql] {}
2023-10-20 14:03:44,117 - sqlalchemy.engine.Engine - 2023-10-20 14:03:44,117 - INFO - BEGIN (implicit)
2023-10-20 14:03:44,122 - sqlalchemy.engine.Engine - 2023-10-20 14:03:44,122 - INFO - SELECT users.id AS users_id, users.username AS users_username, users.password AS users_password 
FROM users
2023-10-20 14:03:44,123 - sqlalchemy.engine.Engine - 2023-10-20 14:03:44,123 - INFO - [generated in 0.00141s] {}
2023-10-20 14:03:44,128 - test_logger - 2023-10-20 14:03:44,128 - INFO - Data User =  [<Users 1>, <Users 2>, <Users 8>, <Users 9>, <Users 10>]
2023-10-20 14:03:44,132 - sqlalchemy.engine.Engine - 2023-10-20 14:03:44,132 - INFO - ROLLBACK
2023-10-20 14:03:44,135 - werkzeug - 2023-10-20 14:03:44,135 - INFO - 127.0.0.1 - - [20/Oct/2023 14:03:44] "GET /users/ HTTP/1.1" 200 -
2023-10-20 14:04:11,375 - sqlalchemy.engine.Engine - 2023-10-20 14:04:11,375 - INFO - BEGIN (implicit)
2023-10-20 14:04:11,379 - sqlalchemy.engine.Engine - 2023-10-20 14:04:11,379 - INFO - SELECT users.id AS users_id, users.username AS users_username, users.password AS users_password 
FROM users 
WHERE users.username = %(username_1)s 
 LIMIT %(param_1)s
2023-10-20 14:04:11,382 - sqlalchemy.engine.Engine - 2023-10-20 14:04:11,382 - INFO - [generated in 0.00361s] {'username_1': 'string', 'param_1': 1}
2023-10-20 14:04:11,679 - test_logger - 2023-10-20 14:04:11,679 - INFO - check_password =  False
2023-10-20 14:04:11,680 - sqlalchemy.engine.Engine - 2023-10-20 14:04:11,680 - INFO - ROLLBACK
2023-10-20 14:04:11,681 - werkzeug - 2023-10-20 14:04:11,681 - INFO - 127.0.0.1 - - [20/Oct/2023 14:04:11] "[31m[1mPOST /auth/signin HTTP/1.1[0m" 400 -
2023-10-20 14:04:28,224 - werkzeug - 2023-10-20 14:04:28,224 - INFO - 127.0.0.1 - - [20/Oct/2023 14:04:28] "[31m[1mPOST /auth/refresh HTTP/1.1[0m" 401 -
2023-10-20 14:05:09,935 - sqlalchemy.engine.Engine - 2023-10-20 14:05:09,935 - INFO - BEGIN (implicit)
2023-10-20 14:05:09,937 - sqlalchemy.engine.Engine - 2023-10-20 14:05:09,937 - INFO - SELECT users.id AS users_id, users.username AS users_username, users.password AS users_password 
FROM users 
WHERE users.username = %(username_1)s 
 LIMIT %(param_1)s
2023-10-20 14:05:09,939 - sqlalchemy.engine.Engine - 2023-10-20 14:05:09,939 - INFO - [cached since 58.56s ago] {'username_1': 'string', 'param_1': 1}
2023-10-20 14:05:10,218 - test_logger - 2023-10-20 14:05:10,218 - INFO - check_password =  False
2023-10-20 14:05:10,219 - sqlalchemy.engine.Engine - 2023-10-20 14:05:10,219 - INFO - ROLLBACK
2023-10-20 14:05:10,220 - werkzeug - 2023-10-20 14:05:10,220 - INFO - 127.0.0.1 - - [20/Oct/2023 14:05:10] "[31m[1mPOST /auth/signin HTTP/1.1[0m" 400 -
2023-10-20 14:05:34,546 - sqlalchemy.engine.Engine - 2023-10-20 14:05:34,546 - INFO - BEGIN (implicit)
2023-10-20 14:05:34,553 - sqlalchemy.engine.Engine - 2023-10-20 14:05:34,553 - INFO - SELECT users.id AS users_id, users.username AS users_username, users.password AS users_password 
FROM users 
WHERE users.id = %(pk_1)s
2023-10-20 14:05:34,557 - sqlalchemy.engine.Engine - 2023-10-20 14:05:34,557 - INFO - [generated in 0.00402s] {'pk_1': 9}
2023-10-20 14:05:34,572 - sqlalchemy.engine.Engine - 2023-10-20 14:05:34,572 - INFO - DELETE FROM users WHERE users.id = %(id)s
2023-10-20 14:05:34,576 - sqlalchemy.engine.Engine - 2023-10-20 14:05:34,576 - INFO - [generated in 0.00439s] {'id': 9}
2023-10-20 14:05:34,582 - sqlalchemy.engine.Engine - 2023-10-20 14:05:34,582 - INFO - COMMIT
2023-10-20 14:05:34,587 - werkzeug - 2023-10-20 14:05:34,587 - INFO - 127.0.0.1 - - [20/Oct/2023 14:05:34] "DELETE /users/9 HTTP/1.1" 200 -
2023-10-20 14:05:39,486 - sqlalchemy.engine.Engine - 2023-10-20 14:05:39,486 - INFO - BEGIN (implicit)
2023-10-20 14:05:39,487 - sqlalchemy.engine.Engine - 2023-10-20 14:05:39,487 - INFO - SELECT users.id AS users_id, users.username AS users_username, users.password AS users_password 
FROM users
2023-10-20 14:05:39,488 - sqlalchemy.engine.Engine - 2023-10-20 14:05:39,488 - INFO - [cached since 115.4s ago] {}
2023-10-20 14:05:39,491 - test_logger - 2023-10-20 14:05:39,491 - INFO - Data User =  [<Users 1>, <Users 2>, <Users 8>, <Users 10>]
2023-10-20 14:05:39,492 - sqlalchemy.engine.Engine - 2023-10-20 14:05:39,492 - INFO - ROLLBACK
2023-10-20 14:05:39,514 - werkzeug - 2023-10-20 14:05:39,514 - INFO - 127.0.0.1 - - [20/Oct/2023 14:05:39] "GET /users/ HTTP/1.1" 200 -
2023-10-20 14:05:47,344 - test_logger - 2023-10-20 14:05:47,344 - INFO - password original = None
2023-10-20 14:05:47,569 - test_logger - 2023-10-20 14:05:47,569 - INFO - Data User sign up =  <Users (transient 2734119956336)>
2023-10-20 14:05:47,569 - test_logger - 2023-10-20 14:05:47,569 - INFO - pass hash =  pbkdf2:sha256:260000$IMZND66kH9mBU7Q2$2cff40d4d7f0ae12c7fe265840bb0c39efddd23490ae6ee199c42d2528b03acc
2023-10-20 14:05:47,570 - sqlalchemy.engine.Engine - 2023-10-20 14:05:47,570 - INFO - BEGIN (implicit)
2023-10-20 14:05:47,573 - sqlalchemy.engine.Engine - 2023-10-20 14:05:47,573 - INFO - INSERT INTO users (username, password) VALUES (%(username)s, %(password)s)
2023-10-20 14:05:47,574 - sqlalchemy.engine.Engine - 2023-10-20 14:05:47,574 - INFO - [generated in 0.00063s] {'username': 'string', 'password': 'pbkdf2:sha256:260000$IMZND66kH9mBU7Q2$2cff40d4d7f0ae12c7fe265840bb0c39efddd23490ae6ee199c42d2528b03acc'}
2023-10-20 14:05:47,575 - sqlalchemy.engine.Engine - 2023-10-20 14:05:47,575 - INFO - COMMIT
2023-10-20 14:05:47,578 - werkzeug - 2023-10-20 14:05:47,578 - INFO - 127.0.0.1 - - [20/Oct/2023 14:05:47] "POST /auth/SignUp HTTP/1.1" 200 -
2023-10-20 14:06:05,783 - sqlalchemy.engine.Engine - 2023-10-20 14:06:05,783 - INFO - BEGIN (implicit)
2023-10-20 14:06:05,784 - sqlalchemy.engine.Engine - 2023-10-20 14:06:05,784 - INFO - SELECT users.id AS users_id, users.username AS users_username, users.password AS users_password 
FROM users 
WHERE users.username = %(username_1)s 
 LIMIT %(param_1)s
2023-10-20 14:06:05,786 - sqlalchemy.engine.Engine - 2023-10-20 14:06:05,786 - INFO - [cached since 114.4s ago] {'username_1': 'string', 'param_1': 1}
2023-10-20 14:06:06,016 - test_logger - 2023-10-20 14:06:06,016 - INFO - check_password =  True
2023-10-20 14:06:06,016 - sqlalchemy.engine.Engine - 2023-10-20 14:06:06,016 - INFO - ROLLBACK
2023-10-20 14:06:06,018 - werkzeug - 2023-10-20 14:06:06,018 - INFO - 127.0.0.1 - - [20/Oct/2023 14:06:06] "POST /auth/signin HTTP/1.1" 200 -
2023-10-20 14:06:18,061 - werkzeug - 2023-10-20 14:06:18,061 - INFO - 127.0.0.1 - - [20/Oct/2023 14:06:18] "[31m[1mPOST /auth/refresh HTTP/1.1[0m" 401 -
2023-10-20 14:07:34,798 - sqlalchemy.engine.Engine - 2023-10-20 14:07:34,798 - INFO - BEGIN (implicit)
2023-10-20 14:07:34,810 - sqlalchemy.engine.Engine - 2023-10-20 14:07:34,810 - INFO - SELECT users.id AS users_id, users.username AS users_username, users.password AS users_password 
FROM users 
WHERE users.username = %(username_1)s 
 LIMIT %(param_1)s
2023-10-20 14:07:34,816 - sqlalchemy.engine.Engine - 2023-10-20 14:07:34,816 - INFO - [cached since 203.4s ago] {'username_1': 'string', 'param_1': 1}
2023-10-20 14:07:35,074 - test_logger - 2023-10-20 14:07:35,074 - INFO - check_password =  True
2023-10-20 14:07:35,075 - sqlalchemy.engine.Engine - 2023-10-20 14:07:35,075 - INFO - ROLLBACK
2023-10-20 14:07:35,076 - werkzeug - 2023-10-20 14:07:35,076 - INFO - 127.0.0.1 - - [20/Oct/2023 14:07:35] "POST /auth/signin HTTP/1.1" 200 -
2023-10-20 14:08:20,429 - werkzeug - 2023-10-20 14:08:20,429 - INFO -  * Detected change in 'D:\\Python\\DAY3\\app\\views\\auth.py', reloading
2023-10-20 14:08:20,563 - werkzeug - 2023-10-20 14:08:20,563 - INFO -  * Restarting with stat
2023-10-20 14:08:23,120 - test_logger - 2023-10-20 14:08:23,120 - DEBUG - Initial run API flask
2023-10-20 14:08:23,315 - werkzeug - 2023-10-20 14:08:23,315 - INFO -  * Running on http://localhost:5070/ (Press CTRL+C to quit)
2023-10-20 14:08:28,196 - werkzeug - 2023-10-20 14:08:28,196 - INFO - 127.0.0.1 - - [20/Oct/2023 14:08:28] "GET /docs HTTP/1.1" 200 -
2023-10-20 14:08:28,272 - werkzeug - 2023-10-20 14:08:28,272 - INFO - 127.0.0.1 - - [20/Oct/2023 14:08:28] "[36mGET /swaggerui/droid-sans.css HTTP/1.1[0m" 304 -
2023-10-20 14:08:28,465 - werkzeug - 2023-10-20 14:08:28,465 - INFO - 127.0.0.1 - - [20/Oct/2023 14:08:28] "[36mGET /swaggerui/swagger-ui.css HTTP/1.1[0m" 304 -
2023-10-20 14:08:28,597 - werkzeug - 2023-10-20 14:08:28,597 - INFO - 127.0.0.1 - - [20/Oct/2023 14:08:28] "[36mGET /swaggerui/swagger-ui-bundle.js HTTP/1.1[0m" 304 -
2023-10-20 14:08:28,600 - werkzeug - 2023-10-20 14:08:28,600 - INFO - 127.0.0.1 - - [20/Oct/2023 14:08:28] "[36mGET /swaggerui/swagger-ui-standalone-preset.js HTTP/1.1[0m" 304 -
2023-10-20 14:08:29,335 - werkzeug - 2023-10-20 14:08:29,335 - INFO - 127.0.0.1 - - [20/Oct/2023 14:08:29] "GET /swagger.json HTTP/1.1" 200 -
2023-10-20 14:08:29,383 - werkzeug - 2023-10-20 14:08:29,383 - INFO - 127.0.0.1 - - [20/Oct/2023 14:08:29] "GET /swaggerui/favicon-32x32.png HTTP/1.1" 200 -
2023-10-20 14:08:36,053 - sqlalchemy.engine.Engine - 2023-10-20 14:08:36,053 - INFO - SELECT DATABASE()
2023-10-20 14:08:36,054 - sqlalchemy.engine.Engine - 2023-10-20 14:08:36,054 - INFO - [raw sql] {}
2023-10-20 14:08:36,058 - sqlalchemy.engine.Engine - 2023-10-20 14:08:36,058 - INFO - SELECT @@sql_mode
2023-10-20 14:08:36,059 - sqlalchemy.engine.Engine - 2023-10-20 14:08:36,059 - INFO - [raw sql] {}
2023-10-20 14:08:36,061 - sqlalchemy.engine.Engine - 2023-10-20 14:08:36,061 - INFO - SELECT @@lower_case_table_names
2023-10-20 14:08:36,063 - sqlalchemy.engine.Engine - 2023-10-20 14:08:36,063 - INFO - [raw sql] {}
2023-10-20 14:08:36,066 - sqlalchemy.engine.Engine - 2023-10-20 14:08:36,066 - INFO - BEGIN (implicit)
2023-10-20 14:08:36,078 - sqlalchemy.engine.Engine - 2023-10-20 14:08:36,078 - INFO - SELECT users.id AS users_id, users.username AS users_username, users.password AS users_password 
FROM users 
WHERE users.username = %(username_1)s 
 LIMIT %(param_1)s
2023-10-20 14:08:36,083 - sqlalchemy.engine.Engine - 2023-10-20 14:08:36,083 - INFO - [generated in 0.00558s] {'username_1': 'string', 'param_1': 1}
2023-10-20 14:08:36,640 - test_logger - 2023-10-20 14:08:36,640 - INFO - check_password =  True
2023-10-20 14:08:36,644 - sqlalchemy.engine.Engine - 2023-10-20 14:08:36,644 - INFO - ROLLBACK
2023-10-20 14:08:36,648 - werkzeug - 2023-10-20 14:08:36,648 - INFO - 127.0.0.1 - - [20/Oct/2023 14:08:36] "POST /auth/signin HTTP/1.1" 200 -
2023-10-20 14:10:56,934 - werkzeug - 2023-10-20 14:10:56,934 - INFO - 127.0.0.1 - - [20/Oct/2023 14:10:56] "[31m[1mPOST /auth/refresh HTTP/1.1[0m" 401 -
2023-10-20 14:21:21,438 - werkzeug - 2023-10-20 14:21:21,438 - INFO -  * Detected change in 'D:\\Python\\DAY3\\app\\config\\config.py', reloading
2023-10-20 14:21:21,627 - werkzeug - 2023-10-20 14:21:21,627 - INFO -  * Restarting with stat
2023-10-20 14:21:24,410 - test_logger - 2023-10-20 14:21:24,410 - DEBUG - Initial run API flask
2023-10-20 14:21:24,772 - werkzeug - 2023-10-20 14:21:24,772 - INFO -  * Running on http://localhost:5070/ (Press CTRL+C to quit)
